0 info it worked if it ends with ok
1 verbose cli [ 'C:\\Program Files\\nodejs\\node.exe',
1 verbose cli   'C:\\Program Files\\nodejs\\node_modules\\npm\\bin\\npm-cli.js',
1 verbose cli   'run',
1 verbose cli   'less' ]
2 info using npm@3.10.10
3 info using node@v6.10.2
4 verbose run-script [ 'preless', 'less', 'postless' ]
5 info lifecycle personalResume@1.0.0~preless: personalResume@1.0.0
6 silly lifecycle personalResume@1.0.0~preless: no script for preless, continuing
7 info lifecycle personalResume@1.0.0~less: personalResume@1.0.0
8 verbose lifecycle personalResume@1.0.0~less: unsafe-perm in lifecycle true
9 verbose lifecycle personalResume@1.0.0~less: PATH: C:\Program Files\nodejs\node_modules\npm\bin\node-gyp-bin;E:\JS\201615\课件\personalResume\node_modules\.bin;C:\Program Files\Common Files\NetSarang;C:\Program Files\Intel\iCLS Client\;D:\WinAVR\bin;D:\WinAVR\utils\bin;C:\Program Files\AMD APP\bin\x86;C:\Windows\system32;C:\Windows;C:\Windows\System32\Wbem;C:\Windows\System32\WindowsPowerShell\v1.0\;C:\Program Files\Common Files\Thunder Network\KanKan\Codecs;C:\Program Files\ATI Technologies\ATI.ACE\Core-Static;C:\Program Files\Microsoft SQL Server\100\Tools\Binn\;C:\Program Files\Microsoft SQL Server\100\DTS\Binn\;C:\Program Files\Intel\Intel(R) Management Engine Components\DAL;C:\Program Files\Intel\Intel(R) Management Engine Components\IPT;D:\github\Git\cmd;D:\github\Git\mingw32\bin;D:\github\Git\usr\bin;C:\Program Files\nodejs\;C:\Users\Administrator\AppData\Roaming\npm
10 verbose lifecycle personalResume@1.0.0~less: CWD: E:\JS\201615\课件\personalResume
11 silly lifecycle personalResume@1.0.0~less: Args: [ '/d /s /c', 'lessc css/index.less css/build.min.css -x' ]
12 silly lifecycle personalResume@1.0.0~less: Returned: code: 1  signal: null
13 info lifecycle personalResume@1.0.0~less: Failed to exec less script
14 verbose stack Error: personalResume@1.0.0 less: `lessc css/index.less css/build.min.css -x`
14 verbose stack Exit status 1
14 verbose stack     at EventEmitter.<anonymous> (C:\Program Files\nodejs\node_modules\npm\lib\utils\lifecycle.js:255:16)
14 verbose stack     at emitTwo (events.js:106:13)
14 verbose stack     at EventEmitter.emit (events.js:191:7)
14 verbose stack     at ChildProcess.<anonymous> (C:\Program Files\nodejs\node_modules\npm\lib\utils\spawn.js:40:14)
14 verbose stack     at emitTwo (events.js:106:13)
14 verbose stack     at ChildProcess.emit (events.js:191:7)
14 verbose stack     at maybeClose (internal/child_process.js:886:16)
14 verbose stack     at Process.ChildProcess._handle.onexit (internal/child_process.js:226:5)
15 verbose pkgid personalResume@1.0.0
16 verbose cwd E:\JS\201615\课件\personalResume
17 error Windows_NT 6.1.7601
18 error argv "C:\\Program Files\\nodejs\\node.exe" "C:\\Program Files\\nodejs\\node_modules\\npm\\bin\\npm-cli.js" "run" "less"
19 error node v6.10.2
20 error npm  v3.10.10
21 error code ELIFECYCLE
22 error personalResume@1.0.0 less: `lessc css/index.less css/build.min.css -x`
22 error Exit status 1
23 error Failed at the personalResume@1.0.0 less script 'lessc css/index.less css/build.min.css -x'.
23 error Make sure you have the latest version of node.js and npm installed.
23 error If you do, this is most likely a problem with the personalResume package,
23 error not with npm itself.
23 error Tell the author that this fails on your system:
23 error     lessc css/index.less css/build.min.css -x
23 error You can get information on how to open an issue for this project with:
23 error     npm bugs personalResume
23 error Or if that isn't available, you can get their info via:
23 error     npm owner ls personalResume
23 error There is likely additional logging output above.
24 verbose exit [ 1, true ]
